<?xml version="1.0" encoding="UTF-8"?>
<!-- Generated by org.testng.reporters.JUnitXMLReporter -->
<testsuite hostname="Niko" ignored="0" name="Default test" tests="1" failures="1" timestamp="2021-06-09T19:18:40 CDT" time="9.396" errors="0">
  <testcase name="runScenario" time="6.368" classname="io.cucumber.testng.AbstractTestNGCucumberTests">
    <failure type="java.lang.AssertionError" message="The message is not equal!!! expected [ABCd] but found [ABC]">
      <![CDATA[java.lang.AssertionError: The message is not equal!!! expected [ABCd] but found [ABC]
at org.testng.Assert.fail(Assert.java:99)
at org.testng.Assert.failNotEquals(Assert.java:1037)
at org.testng.Assert.assertEqualsImpl(Assert.java:140)
at org.testng.Assert.assertEquals(Assert.java:122)
at org.testng.Assert.assertEquals(Assert.java:629)
at stepDefinition.DefinitionsImputFields.i_validate_the_message(DefinitionsImputFields.java:67)
at ✽.I validate the message(file:///D:/WorkCucumber/TestNG/src/test/resources/features/ImputFields.feature:10)
]]>
    </failure>
  </testcase> <!-- runScenario -->
</testsuite> <!-- Default test -->
