<?xml version="1.0" encoding="UTF-8"?>
<testsuite xmlns:xsi="http://www.w3.org/2001/XMLSchema-instance" xsi:noNamespaceSchemaLocation="https://maven.apache.org/surefire/maven-surefire-plugin/xsd/surefire-test-report-3.0.xsd" version="3.0" name="TestSuite" time="3.264" tests="1" errors="0" skipped="0" failures="1">
  <properties>
[...]
</properties>
  <testcase name="runScenario[&quot;Input Fields verify&quot;, &quot;Optional[Perform simple tests]&quot;](1)" classname="runners.RunnerTests" time="0.124">
    <failure message="The step &apos;Start Driver&apos; and 4 other step(s) are undefined.&#10;You can implement these steps using the snippet(s) below:&#10;&#10;@Given(&quot;Start Driver&quot;)&#10;public void start_driver() {&#10;    // Write code here that turns the phrase above into concrete actions&#10;    throw new io.cucumber.java.PendingException();&#10;}&#10;@Given(&quot;I am on Input Fields page&quot;)&#10;public void i_am_on_input_fields_page() {&#10;    // Write code here that turns the phrase above into concrete actions&#10;    throw new io.cucumber.java.PendingException();&#10;}&#10;@Given(&quot;I am entering field&quot;)&#10;public void i_am_entering_field() {&#10;    // Write code here that turns the phrase above into concrete actions&#10;    throw new io.cucumber.java.PendingException();&#10;}&#10;@When(&quot;I click on show message button&quot;)&#10;public void i_click_on_show_message_button() {&#10;    // Write code here that turns the phrase above into concrete actions&#10;    throw new io.cucumber.java.PendingException();&#10;}&#10;@Then(&quot;I validate the message&quot;)&#10;public void i_validate_the_message() {&#10;    // Write code here that turns the phrase above into concrete actions&#10;    throw new io.cucumber.java.PendingException();&#10;}&#10;" type="io.cucumber.testng.UndefinedStepException"><![CDATA[io.cucumber.testng.UndefinedStepException: 
The step 'Start Driver' and 4 other step(s) are undefined.
You can implement these steps using the snippet(s) below:

@Given("Start Driver")
public void start_driver() {
    // Write code here that turns the phrase above into concrete actions
    throw new io.cucumber.java.PendingException();
}
@Given("I am on Input Fields page")
public void i_am_on_input_fields_page() {
    // Write code here that turns the phrase above into concrete actions
    throw new io.cucumber.java.PendingException();
}
@Given("I am entering field")
public void i_am_entering_field() {
    // Write code here that turns the phrase above into concrete actions
    throw new io.cucumber.java.PendingException();
}
@When("I click on show message button")
public void i_click_on_show_message_button() {
    // Write code here that turns the phrase above into concrete actions
    throw new io.cucumber.java.PendingException();
}
@Then("I validate the message")
public void i_validate_the_message() {
    // Write code here that turns the phrase above into concrete actions
    throw new io.cucumber.java.PendingException();
}

]]></failure>
    <system-out><![CDATA[
@tag @PerformSimpleTests
Scenario: Input Fields verify         # src/test/resources/features/ImputFields.feature:5
  Given Start Driver                  # null
  Given I am on Input Fields page     # null
  And I am entering field             # null
  When I click on show message button # null
  Then I validate the message         # null
]]></system-out>
  </testcase>
</testsuite>